๏ปฟ
> goethe-trainer@0.1.0 build
> next build

ฮ“รปโ–“ Next.js 16.2.6 (Turbopack)

  Creating an optimized production build ...
ฮ“ยฃรด Compiled successfully in 10.1s
  Running TypeScript ...
  Finished TypeScript in 18.6s ...
  Collecting page data using 7 workers ...
  Generating static pages using 7 workers (0/31) ...
  Generating static pages using 7 workers (7/31) 
  Generating static pages using 7 workers (15/31) 
  Generating static pages using 7 workers (23/31) 
ฮ“ยฃรด Generating static pages using 7 workers (31/31) in 1773ms
  Finalizing page optimization ...

Route (app)
ฮ“รถรฎ ฮ“รนรฏ /
ฮ“รถยฃ ฮ“รนรฏ /_not-found
ฮ“รถยฃ ฮ“รนรฏ /favoriten
ฮ“รถยฃ ฮ“รนรฏ /fortschritt
ฮ“รถยฃ ฮ“รนรฏ /grammatik
ฮ“รถยฃ ฮ“รนรฏ /home
ฮ“รถยฃ ฮ“รนรฏ /konjugation
ฮ“รถยฃ ฮ“รนรฏ /lernplan
ฮ“รถยฃ ฮ“รนรฏ /pruefungsinfo
ฮ“รถยฃ ฮ“รนร… /redemittel/[level]
ฮ“รถรฉ ฮ“รถยฃ /redemittel/A1
ฮ“รถรฉ ฮ“รถยฃ /redemittel/A2
ฮ“รถรฉ ฮ“รถยฃ /redemittel/B1
ฮ“รถรฉ ฮ“รถรถ /redemittel/B2
ฮ“รถยฃ ฮ“รนรฏ /ueben/geschichten
ฮ“รถยฃ ฮ“รนรฏ /ueben/grammatik-quiz
ฮ“รถยฃ ฮ“รนรฏ /ueben/hoeren
ฮ“รถยฃ ฮ“รนรฏ /ueben/karteikarten
ฮ“รถยฃ ฮ“รนรฏ /ueben/konversation
ฮ“รถยฃ ฮ“รนรฏ /ueben/lesen
ฮ“รถยฃ ฮ“รนรฏ /ueben/quiz
ฮ“รถยฃ ฮ“รนรฏ /ueben/redemittel-quiz
ฮ“รถยฃ ฮ“รนรฏ /ueben/satzstellung
ฮ“รถยฃ ฮ“รนรฏ /ueben/schreiben
ฮ“รถยฃ ฮ“รนรฏ /ueben/sprechen
ฮ“รถยฃ ฮ“รนรฏ /ueben/verb-quiz
ฮ“รถรถ ฮ“รนร… /vocab/[level]
  ฮ“รถยฃ /vocab/A1
  ฮ“รถยฃ /vocab/A2
  ฮ“รถยฃ /vocab/B1
  ฮ“รถรถ /vocab/B2


ฮ“รนรฏ  (Static)  prerendered as static content
ฮ“รนร…  (SSG)     prerendered as static HTML (uses generateStaticParams)

