
> goethe-trainer@0.1.0 build
> next build

▲ Next.js 16.2.6 (Turbopack)

  Creating an optimized production build ...
✓ Compiled successfully in 7.3s
  Running TypeScript ...
  Finished TypeScript in 10.5s ...
  Collecting page data using 7 workers ...
  Generating static pages using 7 workers (0/31) ...
  Generating static pages using 7 workers (7/31) 
  Generating static pages using 7 workers (15/31) 
  Generating static pages using 7 workers (23/31) 
✓ Generating static pages using 7 workers (31/31) in 930ms
  Finalizing page optimization ...

Route (app)
┌ ○ /
├ ○ /_not-found
├ ○ /favoriten
├ ○ /fortschritt
├ ○ /grammatik
├ ○ /home
├ ○ /konjugation
├ ○ /lernplan
├ ○ /pruefungsinfo
├ ● /redemittel/[level]
│ ├ /redemittel/A1
│ ├ /redemittel/A2
│ ├ /redemittel/B1
│ └ /redemittel/B2
├ ○ /ueben/geschichten
├ ○ /ueben/grammatik-quiz
├ ○ /ueben/hoeren
├ ○ /ueben/karteikarten
├ ○ /ueben/konversation
├ ○ /ueben/lesen
├ ○ /ueben/quiz
├ ○ /ueben/redemittel-quiz
├ ○ /ueben/satzstellung
├ ○ /ueben/schreiben
├ ○ /ueben/sprechen
├ ○ /ueben/verb-quiz
└ ● /vocab/[level]
  ├ /vocab/A1
  ├ /vocab/A2
  ├ /vocab/B1
  └ /vocab/B2


○  (Static)  prerendered as static content
●  (SSG)     prerendered as static HTML (uses generateStaticParams)

