[debug] [2026-06-20T07:08:30.035Z] ----------------------------------------------------------------------
[debug] [2026-06-20T07:08:30.041Z] Command:       C:\Program Files\nodejs\node.exe C:\Users\ADELEKEOLORUNISOLAO\AppData\Roaming\npm\node_modules\firebase-tools\lib\bin\firebase.js deploy --only hosting --project personal-german-trainer
[debug] [2026-06-20T07:08:30.041Z] CLI Version:   15.18.0
[debug] [2026-06-20T07:08:30.041Z] Platform:      win32
[debug] [2026-06-20T07:08:30.041Z] Node Version:  v24.13.0
[debug] [2026-06-20T07:08:30.041Z] Time:          Sat Jun 20 2026 08:08:30 GMT+0100 (West Africa Standard Time)
[debug] [2026-06-20T07:08:30.042Z] ----------------------------------------------------------------------
[debug] 
[debug] [2026-06-20T07:08:36.511Z] > command requires scopes: ["email","openid","https://www.googleapis.com/auth/cloudplatformprojects.readonly","https://www.googleapis.com/auth/firebase","https://www.googleapis.com/auth/cloud-platform"]
[debug] [2026-06-20T07:08:36.512Z] > authorizing via signed-in user (olorunnisola01@gmail.com)
[debug] [2026-06-20T07:08:36.512Z] [iam] checking project personal-german-trainer for permissions ["firebase.projects.get","firebasehosting.sites.update"]
[debug] [2026-06-20T07:08:36.514Z] Checked if tokens are valid: true, expires at: 1781941802492
[debug] [2026-06-20T07:08:36.514Z] Checked if tokens are valid: true, expires at: 1781941802492
[debug] [2026-06-20T07:08:36.516Z] >>> [apiv2][query] POST https://cloudresourcemanager.googleapis.com/v1/projects/personal-german-trainer:testIamPermissions [none]
[debug] [2026-06-20T07:08:36.516Z] >>> [apiv2][(partial)header] POST https://cloudresourcemanager.googleapis.com/v1/projects/personal-german-trainer:testIamPermissions  x-goog-user-project=personal-german-trainer
[debug] [2026-06-20T07:08:36.516Z] >>> [apiv2][body] POST https://cloudresourcemanager.googleapis.com/v1/projects/personal-german-trainer:testIamPermissions {"permissions":["firebase.projects.get","firebasehosting.sites.update"]}
[debug] [2026-06-20T07:08:37.530Z] <<< [apiv2][status] POST https://cloudresourcemanager.googleapis.com/v1/projects/personal-german-trainer:testIamPermissions 200
[debug] [2026-06-20T07:08:37.530Z] <<< [apiv2][body] POST https://cloudresourcemanager.googleapis.com/v1/projects/personal-german-trainer:testIamPermissions {"permissions":["firebase.projects.get","firebasehosting.sites.update"]}
[debug] [2026-06-20T07:08:37.531Z] Checked if tokens are valid: true, expires at: 1781941802492
[debug] [2026-06-20T07:08:37.531Z] Checked if tokens are valid: true, expires at: 1781941802492
[debug] [2026-06-20T07:08:37.532Z] >>> [apiv2][query] GET https://firebase.googleapis.com/v1beta1/projects/personal-german-trainer [none]
[debug] [2026-06-20T07:08:38.132Z] <<< [apiv2][status] GET https://firebase.googleapis.com/v1beta1/projects/personal-german-trainer 200
[debug] [2026-06-20T07:08:38.132Z] <<< [apiv2][body] GET https://firebase.googleapis.com/v1beta1/projects/personal-german-trainer {"projectId":"personal-german-trainer","projectNumber":"659817012852","displayName":"Personal german trainer","name":"projects/personal-german-trainer","resources":{"hostingSite":"personal-german-trainer"},"state":"ACTIVE","etag":"1_232d14a0-97e2-475c-988c-873805fde40e"}
[debug] [2026-06-20T07:08:43.738Z] Checked if tokens are valid: true, expires at: 1781941802492
[debug] [2026-06-20T07:08:43.739Z] Checked if tokens are valid: true, expires at: 1781941802492
[debug] [2026-06-20T07:08:43.739Z] >>> [apiv2][query] GET https://firebasehosting.googleapis.com/v1beta1/projects/personal-german-trainer/sites pageToken=&pageSize=10
[debug] [2026-06-20T07:08:45.693Z] <<< [apiv2][status] GET https://firebasehosting.googleapis.com/v1beta1/projects/personal-german-trainer/sites 200
[debug] [2026-06-20T07:08:45.694Z] <<< [apiv2][body] GET https://firebasehosting.googleapis.com/v1beta1/projects/personal-german-trainer/sites {"sites":[{"name":"projects/personal-german-trainer/sites/personal-german-trainer","defaultUrl":"https://personal-german-trainer.web.app","appId":"1:659817012852:web:a81bd79564635224f9bb21","type":"DEFAULT_SITE"},{"name":"projects/personal-german-trainer/sites/teach-me-german-app","defaultUrl":"https://teach-me-german-app.web.app","type":"USER_SITE"}]}
[debug] [2026-06-20T07:08:45.694Z] Checked if tokens are valid: true, expires at: 1781941802492
[debug] [2026-06-20T07:08:45.694Z] Checked if tokens are valid: true, expires at: 1781941802492
[debug] [2026-06-20T07:08:45.695Z] >>> [apiv2][query] GET https://firebasehosting.googleapis.com/v1beta1/projects/personal-german-trainer/sites 
[debug] [2026-06-20T07:08:46.851Z] <<< [apiv2][status] GET https://firebasehosting.googleapis.com/v1beta1/projects/personal-german-trainer/sites 200
[debug] [2026-06-20T07:08:46.851Z] <<< [apiv2][body] GET https://firebasehosting.googleapis.com/v1beta1/projects/personal-german-trainer/sites {"sites":[{"name":"projects/personal-german-trainer/sites/personal-german-trainer","defaultUrl":"https://personal-german-trainer.web.app","appId":"1:659817012852:web:a81bd79564635224f9bb21","type":"DEFAULT_SITE"},{"name":"projects/personal-german-trainer/sites/teach-me-german-app","defaultUrl":"https://teach-me-german-app.web.app","type":"USER_SITE"}]}
[debug] [2026-06-20T07:08:46.851Z] Checked if tokens are valid: true, expires at: 1781941802492
[debug] [2026-06-20T07:08:46.851Z] Checked if tokens are valid: true, expires at: 1781941802492
[debug] [2026-06-20T07:08:46.852Z] >>> [apiv2][query] GET https://firebase.googleapis.com/v1beta1/projects/personal-german-trainer/webApps/1:659817012852:web:a81bd79564635224f9bb21/config [none]
[debug] [2026-06-20T07:08:47.634Z] <<< [apiv2][status] GET https://firebase.googleapis.com/v1beta1/projects/personal-german-trainer/webApps/1:659817012852:web:a81bd79564635224f9bb21/config 200
[debug] [2026-06-20T07:08:47.635Z] <<< [apiv2][body] GET https://firebase.googleapis.com/v1beta1/projects/personal-german-trainer/webApps/1:659817012852:web:a81bd79564635224f9bb21/config {"projectId":"personal-german-trainer","appId":"1:659817012852:web:a81bd79564635224f9bb21","storageBucket":"personal-german-trainer.firebasestorage.app","apiKey":"AIzaSyAcpBMj_tVLET64p4HGeUnblenaXhUL5wM","authDomain":"personal-german-trainer.firebaseapp.com","messagingSenderId":"659817012852","measurementId":"G-1DWYYL97SQ","projectNumber":"659817012852","version":"2"}
[info] 
   Thank you for trying our early preview of Next.js support on Firebase Hosting.
   During the preview, support is best-effort and breaking changes can be expected. Proceed with caution.
   The integration is known to work with Next.js version 12 - 16.0. You may encounter errors.

   Documentation: https://firebase.google.com/docs/hosting/frameworks/nextjs
   File a bug: https://github.com/firebase/firebase-tools/issues/new?template=bug_report.md
   Submit a feature request: https://github.com/firebase/firebase-tools/issues/new?template=feature_request.md

   We'd love to learn from you. Express your interest in helping us shape the future of Firebase Hosting: https://goo.gle/41enW5X

[debug] [2026-06-20T07:09:01.274Z] Checked if tokens are valid: true, expires at: 1781941802492
[debug] [2026-06-20T07:09:01.274Z] Checked if tokens are valid: true, expires at: 1781941802492
[debug] [2026-06-20T07:09:01.275Z] >>> [apiv2][query] GET https://firebasehosting.googleapis.com/v1beta1/projects/personal-german-trainer/sites/personal-german-trainer [none]
[debug] [2026-06-20T07:09:02.618Z] <<< [apiv2][status] GET https://firebasehosting.googleapis.com/v1beta1/projects/personal-german-trainer/sites/personal-german-trainer 200
[debug] [2026-06-20T07:09:02.618Z] <<< [apiv2][body] GET https://firebasehosting.googleapis.com/v1beta1/projects/personal-german-trainer/sites/personal-german-trainer {"name":"projects/personal-german-trainer/sites/personal-german-trainer","defaultUrl":"https://personal-german-trainer.web.app","appId":"1:659817012852:web:a81bd79564635224f9bb21","type":"DEFAULT_SITE"}
[info] ▲ Next.js 16.2.6 (Turbopack)

[info] 

[info]   Creating an optimized production build ...

[info] ✓ Compiled successfully in 10.8s

[info]   Running TypeScript ...

[info]   Finished TypeScript in 12.9s ...

[info]   Collecting page data using 7 workers ...

[info]   Generating static pages using 7 workers (0/33) ...

[info]   Generating static pages using 7 workers (8/33) 

[info]   Generating static pages using 7 workers (16/33) 

[info]   Generating static pages using 7 workers (24/33) 

[info] ✓ Generating static pages using 7 workers (33/33) in 1247ms

[info]   Finalizing page optimization ...

[info] 

[info] Route (app)
┌ ○ /
├ ○ /_not-found
├ ƒ /challenge/[id]
├ ○ /favoriten
├ ○ /fortschritt
├ ○ /grammatik
├ ○ /home
├ ○ /konjugation
├ ○ /lernplan
├ ○ /nachrichten
├ ○ /notizen
├ ○ /pruefungsinfo
├ ● /redemittel/[level]
│ ├ /redemittel/A1
│ ├ /redemittel/A2
│ ├ /redemittel/B1
│ └ /redemittel/B2
├ ○ /ueben/geschichten
├ ○ /ueben/grammatik-quiz
├ ○ /ueben/hoeren
├ ○ /ueben/karteikarten
├ ○ /ueben/konversation
├ ○ /ueben/lesen
├ ○ /ueben/quiz
├ ○ /ueben/redemittel-quiz
├ ○ /ueben/satzstellung
├ ○ /ueben/schreiben
├ ○ /ueben/sprechen
├ ○ /ueben/verb-quiz
└ ● /vocab/[level]
  ├ /vocab/A1
  ├ /vocab/A2
  ├ /vocab/B1
  └ /vocab/B2


[info] 
○  (Static)   prerendered as static content
●  (SSG)      prerendered as static HTML (uses generateStaticParams)
ƒ  (Dynamic)  server-rendered on demand


[info] Building a Cloud Function to run this application. This is needed due to:
[info]  • non-static component /(dashboard)/challenge/[id]/page
[info] 
[debug] [2026-06-20T07:10:05.086Z] Checked if tokens are valid: true, expires at: 1781941802492
[debug] [2026-06-20T07:10:05.087Z] Checked if tokens are valid: true, expires at: 1781941802492
[debug] [2026-06-20T07:10:05.087Z] >>> [apiv2][query] GET https://firebasehosting.googleapis.com/v1beta1/projects/personal-german-trainer/sites/personal-german-trainer [none]
[debug] [2026-06-20T07:10:06.476Z] <<< [apiv2][status] GET https://firebasehosting.googleapis.com/v1beta1/projects/personal-german-trainer/sites/personal-german-trainer 200
[debug] [2026-06-20T07:10:06.476Z] <<< [apiv2][body] GET https://firebasehosting.googleapis.com/v1beta1/projects/personal-german-trainer/sites/personal-german-trainer {"name":"projects/personal-german-trainer/sites/personal-german-trainer","defaultUrl":"https://personal-german-trainer.web.app","appId":"1:659817012852:web:a81bd79564635224f9bb21","type":"DEFAULT_SITE"}
